HHH000204: Processing PersistenceUnitInfo [name: default]
HHH000412: Hibernate ORM core version 6.6.0.Final
HHH000026: Second-level cache disabled
No LoadTimeWeaver setup: ignoring JPA class transformer
HHH10001005: Database info:
	Database JDBC URL [Connecting through datasourcenull]
	Database driver: undefined/unknown
	Database version: 16.3
	Autocommit mode: undefined/unknown
	Isolation level: undefined/unknown
	Minimum pool size: undefined/unknown
	Maximum pool size: undefined/unknown
HHH000489: No JTA platform available (set 'hibernate.transaction.jta.platform' to enable JTA platform integration)
Initialized JPA EntityManagerFactory for persistence unit 'default'
Closing JPA EntityManagerFactory for persistence unit 'default'
HHH000204: Processing PersistenceUnitInfo [name: default]
HHH000412: Hibernate ORM core version 6.6.0.Final
HHH000026: Second-level cache disabled
No LoadTimeWeaver setup: ignoring JPA class transformer
HHH10001005: Database info:
	Database JDBC URL [Connecting through datasourcenull]
	Database driver: undefined/unknown
	Database version: 16.3
	Autocommit mode: undefined/unknown
	Isolation level: undefined/unknown
	Minimum pool size: undefined/unknown
	Maximum pool size: undefined/unknown
HHH000489: No JTA platform available (set 'hibernate.transaction.jta.platform' to enable JTA platform integration)
Initialized JPA EntityManagerFactory for persistence unit 'default'
Closing JPA EntityManagerFactory for persistence unit 'default'
